# JRE version: Java(TM) SE Runtime Environment (8.0_66-b18) (build 1.8.0_66-b18)
# Java VM: Java HotSpot(TM) Client VM (25.66-b18 mixed mode windows-x86 )
Heap:
 def new generation   total 4928K, used 2183K [0x04c00000, 0x05150000, 0x1a150000)
  eden space 4416K,  37% used [0x04c00000, 0x04da1c80, 0x05050000)
  from space 512K, 100% used [0x050d0000, 0x05150000, 0x05150000)
  to   space 512K,   0% used [0x05050000, 0x05050000, 0x050d0000)
 tenured generation   total 10944K, used 2713K [0x1a150000, 0x1ac00000, 0x44c00000)
   the space 10944K,  24% used [0x1a150000, 0x1a3f6698, 0x1a3f6800, 0x1ac00000)
 Metaspace       used 4878K, capacity 4966K, committed 5056K, reserved 7552K
GC Heap History (10 events):
Event: 0.290 GC heap before
{Heap before GC invocations=0 (full 0):
 def new generation   total 4928K, used 4416K [0x04c00000, 0x05150000, 0x1a150000)
  eden space 4416K, 100% used [0x04c00000, 0x05050000, 0x05050000)
  from space 512K,   0% used [0x05050000, 0x05050000, 0x050d0000)
  to   space 512K,   0% used [0x050d0000, 0x050d0000, 0x05150000)
 tenured generation   total 10944K, used 0K [0x1a150000, 0x1ac00000, 0x44c00000)
   the space 10944K,   0% used [0x1a150000, 0x1a150000, 0x1a150200, 0x1ac00000)
 Metaspace       used 2772K, capacity 2846K, committed 2880K, reserved 4480K
Event: 0.292 GC heap after
Heap after GC invocations=1 (full 0):
 def new generation   total 4928K, used 512K [0x04c00000, 0x05150000, 0x1a150000)
  eden space 4416K,   0% used [0x04c00000, 0x04c00000, 0x05050000)
  from space 512K, 100% used [0x050d0000, 0x05150000, 0x05150000)
  to   space 512K,   0% used [0x05050000, 0x05050000, 0x050d0000)
 tenured generation   total 10944K, used 608K [0x1a150000, 0x1ac00000, 0x44c00000)
   the space 10944K,   5% used [0x1a150000, 0x1a1e8018, 0x1a1e8200, 0x1ac00000)
 Metaspace       used 2772K, capacity 2846K, committed 2880K, reserved 4480K
}
Event: 0.400 GC heap before
{Heap before GC invocations=1 (full 0):
 def new generation   total 4928K, used 4928K [0x04c00000, 0x05150000, 0x1a150000)
  eden space 4416K, 100% used [0x04c00000, 0x05050000, 0x05050000)
  from space 512K, 100% used [0x050d0000, 0x05150000, 0x05150000)
  to   space 512K,   0% used [0x05050000, 0x05050000, 0x050d0000)
 tenured generation   total 10944K, used 608K [0x1a150000, 0x1ac00000, 0x44c00000)
   the space 10944K,   5% used [0x1a150000, 0x1a1e8018, 0x1a1e8200, 0x1ac00000)
 Metaspace       used 3353K, capacity 3462K, committed 3520K, reserved 4480K
Event: 0.403 GC heap after
Heap after GC invocations=2 (full 0):
 def new generation   total 4928K, used 512K [0x04c00000, 0x05150000, 0x1a150000)
  eden space 4416K,   0% used [0x04c00000, 0x04c00000, 0x05050000)
  from space 512K, 100% used [0x05050000, 0x050d0000, 0x050d0000)
  to   space 512K,   0% used [0x050d0000, 0x050d0000, 0x05150000)
 tenured generation   total 10944K, used 1344K [0x1a150000, 0x1ac00000, 0x44c00000)
   the space 10944K,  12% used [0x1a150000, 0x1a2a01e0, 0x1a2a0200, 0x1ac00000)
 Metaspace       used 3353K, capacity 3462K, committed 3520K, reserved 4480K
}
Event: 0.482 GC heap before
{Heap before GC invocations=2 (full 0):
 def new generation   total 4928K, used 4928K [0x04c00000, 0x05150000, 0x1a150000)
  eden space 4416K, 100% used [0x04c00000, 0x05050000, 0x05050000)
  from space 512K, 100% used [0x05050000, 0x050d0000, 0x050d0000)
  to   space 512K,   0% used [0x050d0000, 0x050d0000, 0x05150000)
 tenured generation   total 10944K, used 1344K [0x1a150000, 0x1ac00000, 0x44c00000)
   the space 10944K,  12% used [0x1a150000, 0x1a2a01e0, 0x1a2a0200, 0x1ac00000)
 Metaspace       used 3782K, capacity 3878K, committed 3904K, reserved 4480K
Event: 0.484 GC heap after
Heap after GC invocations=3 (full 0):
 def new generation   total 4928K, used 512K [0x04c00000, 0x05150000, 0x1a150000)
  eden space 4416K,   0% used [0x04c00000, 0x04c00000, 0x05050000)
  from space 512K, 100% used [0x050d0000, 0x05150000, 0x05150000)
  to   space 512K,   0% used [0x05050000, 0x05050000, 0x050d0000)
 tenured generation   total 10944K, used 1853K [0x1a150000, 0x1ac00000, 0x44c00000)
   the space 10944K,  16% used [0x1a150000, 0x1a31f400, 0x1a31f400, 0x1ac00000)
 Metaspace       used 3782K, capacity 3878K, committed 3904K, reserved 4480K
}
Event: 0.736 GC heap before
{Heap before GC invocations=3 (full 0):
 def new generation   total 4928K, used 4928K [0x04c00000, 0x05150000, 0x1a150000)
  eden space 4416K, 100% used [0x04c00000, 0x05050000, 0x05050000)
  from space 512K, 100% used [0x050d0000, 0x05150000, 0x05150000)
  to   space 512K,   0% used [0x05050000, 0x05050000, 0x050d0000)
 tenured generation   total 10944K, used 1853K [0x1a150000, 0x1ac00000, 0x44c00000)
   the space 10944K,  16% used [0x1a150000, 0x1a31f400, 0x1a31f400, 0x1ac00000)
 Metaspace       used 4466K, capacity 4582K, committed 4672K, reserved 6528K
Event: 0.738 GC heap after
Heap after GC invocations=4 (full 0):
 def new generation   total 4928K, used 512K [0x04c00000, 0x05150000, 0x1a150000)
  eden space 4416K,   0% used [0x04c00000, 0x04c00000, 0x05050000)
  from space 512K, 100% used [0x05050000, 0x050d0000, 0x050d0000)
  to   space 512K,   0% used [0x050d0000, 0x050d0000, 0x05150000)
 tenured generation   total 10944K, used 2204K [0x1a150000, 0x1ac00000, 0x44c00000)
   the space 10944K,  20% used [0x1a150000, 0x1a377318, 0x1a377400, 0x1ac00000)
 Metaspace       used 4466K, capacity 4582K, committed 4672K, reserved 6528K
}
Event: 0.810 GC heap before
{Heap before GC invocations=4 (full 0):
 def new generation   total 4928K, used 4928K [0x04c00000, 0x05150000, 0x1a150000)
  eden space 4416K, 100% used [0x04c00000, 0x05050000, 0x05050000)
  from space 512K, 100% used [0x05050000, 0x050d0000, 0x050d0000)
  to   space 512K,   0% used [0x050d0000, 0x050d0000, 0x05150000)
 tenured generation   total 10944K, used 2204K [0x1a150000, 0x1ac00000, 0x44c00000)
   the space 10944K,  20% used [0x1a150000, 0x1a377318, 0x1a377400, 0x1ac00000)
 Metaspace       used 4787K, capacity 4870K, committed 4928K, reserved 7552K
Event: 0.812 GC heap after
Heap after GC invocations=5 (full 0):
 def new generation   total 4928K, used 512K [0x04c00000, 0x05150000, 0x1a150000)
  eden space 4416K,   0% used [0x04c00000, 0x04c00000, 0x05050000)
  from space 512K, 100% used [0x050d0000, 0x05150000, 0x05150000)
  to   space 512K,   0% used [0x05050000, 0x05050000, 0x050d0000)
 tenured generation   total 10944K, used 2713K [0x1a150000, 0x1ac00000, 0x44c00000)
   the space 10944K,  24% used [0x1a150000, 0x1a3f6698, 0x1a3f6800, 0x1ac00000)
 Metaspace       used 4787K, capacity 4870K, committed 4928K, reserved 7552K
}

